<?xml version="1.0" encoding="UTF-8"?>
<!-- Generated by org.testng.reporters.JUnitReportReporter -->
<testsuite hostname="LAPTOP-7PIGR874" failures="0" tests="1" name="RunnerClass.RunnerTest" time="32.942" errors="0" timestamp="2024-04-19T22:10:18 IST" skipped="0">
  <testcase classname="RunnerClass.RunnerTest" name="runScenario" time="32.942"/>
  <system-out/>
</testsuite> <!-- RunnerClass.RunnerTest -->
