<?xml version="1.0" encoding="UTF-8"?>
<!-- Generated by org.testng.reporters.JUnitReportReporter -->
<testsuite hostname="LAPTOP-7PIGR874" failures="0" tests="1" name="RunnerClass.RunnerTest" time="9.612" errors="0" timestamp="2024-02-23T18:04:37 IST" skipped="0">
  <testcase classname="RunnerClass.RunnerTest" name="runScenario" time="9.612"/>
  <system-out/>
</testsuite> <!-- RunnerClass.RunnerTest -->
