<?xml version="1.0" encoding="UTF-8"?>
<!-- Generated by org.testng.reporters.JUnitReportReporter -->
<<<<<<< HEAD
<testsuite hostname="LAPTOP-7PIGR874" failures="0" tests="1" name="RunnerClass.RunnerTest" time="32.942" errors="0" timestamp="2024-04-19T22:10:18 IST" skipped="0">
  <testcase classname="RunnerClass.RunnerTest" name="runScenario" time="32.942"/>
=======
<testsuite hostname="LAPTOP-7PIGR874" failures="0" tests="1" name="RunnerClass.RunnerTest" time="22.768" errors="0" timestamp="2024-03-18T20:28:10 IST" skipped="0">
  <testcase classname="RunnerClass.RunnerTest" name="runScenario" time="22.768"/>
>>>>>>> 53819423412afa1e0ea158bba724b00a1c5d19a2
  <system-out/>
</testsuite> <!-- RunnerClass.RunnerTest -->
